Using pre-set license
Built from '2020.2/staging' branch; Version is '2020.2.6f1 (8a2143876886) revision 9052483'; Using compiler version '192528614'; Build Type 'Release'
OS: 'Windows 10 Home; OS build 19042.867; Version 2009; 64bit' Language: 'en' Physical Memory: 8072 MB
BatchMode: 1, IsHumanControllingUs: 0, StartBugReporterOnCrash: 0, Is64bit: 1, IsPro: 0

 COMMAND LINE ARGUMENTS:
C:\Program Files\Unity\Hub\Editor\2020.2.6f1\Editor\Unity.exe
-adb2
-batchMode
-noUpm
-name
AssetImportWorker0
-projectPath
A:/Work/MODDING/Github/LevelEditor/LevelEditor
-logFile
Logs/AssetImportWorker0.log
-srvPort
56449
Successfully changed project path to: A:/Work/MODDING/Github/LevelEditor/LevelEditor
A:/Work/MODDING/Github/LevelEditor/LevelEditor
Using Asset Import Pipeline V2.
Refreshing native plugins compatible for Editor in 23.80 ms, found 1 plugins.
Preloading 1 native plugins for Editor in 0.88 ms.
Initialize engine version: 2020.2.6f1 (8a2143876886)
[Subsystems] Discovering subsystems at path C:/Program Files/Unity/Hub/Editor/2020.2.6f1/Editor/Data/Resources/UnitySubsystems
[Subsystems] Discovering subsystems at path A:/Work/MODDING/Github/LevelEditor/LevelEditor/Assets
GfxDevice: creating device client; threaded=0
Direct3D:
    Version:  Direct3D 11.0 [level 11.1]
    Renderer: NVIDIA GeForce GTX 970 (ID=0x13c2)
    Vendor:   
    VRAM:     4043 MB
    Driver:   27.21.14.5671
Initialize mono
Mono path[0] = 'C:/Program Files/Unity/Hub/Editor/2020.2.6f1/Editor/Data/Managed'
Mono path[1] = 'C:/Program Files/Unity/Hub/Editor/2020.2.6f1/Editor/Data/MonoBleedingEdge/lib/mono/unityjit'
Mono config path = 'C:/Program Files/Unity/Hub/Editor/2020.2.6f1/Editor/Data/MonoBleedingEdge/etc'
Using monoOptions --debugger-agent=transport=dt_socket,embedding=1,server=y,suspend=n,address=127.0.0.1:56724
Begin MonoManager ReloadAssembly
Registering precompiled unity dll's ...
Register platform support module: C:/Program Files/Unity/Hub/Editor/2020.2.6f1/Editor/Data/PlaybackEngines/WindowsStandaloneSupport/UnityEditor.WindowsStandalone.Extensions.dll
Registered in 0.003515 seconds.
Native extension for WindowsStandalone target not found
Refreshing native plugins compatible for Editor in 22.89 ms, found 1 plugins.
Preloading 1 native plugins for Editor in 0.04 ms.
Invoked RoslynAnalysisRunner static constructor.
RoslynAnalysisRunner will not be running.
RoslynAnalysisRunner has terminated.
Mono: successfully reloaded assembly
- Completed reload, in  2.232 seconds
Platform modules already initialized, skipping
Registering precompiled user dll's ...
Registered in 0.000840 seconds.
Begin MonoManager ReloadAssembly
Native extension for WindowsStandalone target not found
Refreshing native plugins compatible for Editor in 0.23 ms, found 1 plugins.
Preloading 1 native plugins for Editor in 0.04 ms.
Invoked RoslynAnalysisRunner static constructor.
RoslynAnalysisRunner will not be running.
RoslynAnalysisRunner has terminated.
Mono: successfully reloaded assembly
- Completed reload, in  1.000 seconds
Platform modules already initialized, skipping
========================================================================
Worker process is ready to serve import requests
Launched and connected shader compiler UnityShaderCompiler.exe after 0.07 seconds
Refreshing native plugins compatible for Editor in 0.22 ms, found 1 plugins.
Preloading 1 native plugins for Editor in 0.03 ms.
Unloading 1118 Unused Serialized files (Serialized files now loaded: 0)
System memory in use before: 57.7 MB.
System memory in use after: 57.8 MB.

Unloading 11 unused Assets to reduce memory usage. Loaded Objects now: 1560.
Total: 2.096700 ms (FindLiveObjects: 0.221800 ms CreateObjectMapping: 0.062900 ms MarkObjects: 1.641200 ms  DeleteObjects: 0.169800 ms)

========================================================================
Received Import Request.
  path: Assets/Mesh/PLACEHOLDER-REMOVE/drugstore-converted.FBX
  artifactKey: Guid(ac2f84189da0ec5409503feb7ddd45da) Importer(815301076,1909f56bfc062723c751e8b465ee728b)
Start importing Assets/Mesh/PLACEHOLDER-REMOVE/drugstore-converted.FBX using Guid(ac2f84189da0ec5409503feb7ddd45da) Importer(815301076,1909f56bfc062723c751e8b465ee728b)  -> (artifact id: 'c82b7f2dcdf8e12621e457059c5130d3') in 0.555338 seconds
  Import took 0.558724 seconds .

========================================================================
Received Import Request.
  Time since last request: 48.031595 seconds.
  path: Assets/Mesh/PLACEHOLDER-REMOVE/drugstore-converted.FBX
  artifactKey: Guid(ac2f84189da0ec5409503feb7ddd45da) Importer(815301076,1909f56bfc062723c751e8b465ee728b)
Start importing Assets/Mesh/PLACEHOLDER-REMOVE/drugstore-converted.FBX using Guid(ac2f84189da0ec5409503feb7ddd45da) Importer(815301076,1909f56bfc062723c751e8b465ee728b)  -> (artifact id: 'fa0c9392069170e7a4dda1d8a57f85a7') in 0.047566 seconds
  Import took 0.051744 seconds .

========================================================================
Received Import Request.
  Time since last request: 3.762294 seconds.
  path: Assets/Mesh/PLACEHOLDER-REMOVE/Materials/color_000.mat
  artifactKey: Guid(637fa2680783d0f4ba4cb89f73360ac6) Importer(815301076,1909f56bfc062723c751e8b465ee728b)
Start importing Assets/Mesh/PLACEHOLDER-REMOVE/Materials/color_000.mat using Guid(637fa2680783d0f4ba4cb89f73360ac6) Importer(815301076,1909f56bfc062723c751e8b465ee728b)  -> (artifact id: '0a9f2975adbb0b1ba4aa2153869e900f') in 0.024012 seconds
  Import took 0.026421 seconds .

========================================================================
Received Import Request.
  Time since last request: 0.000339 seconds.
  path: Assets/Mesh/PLACEHOLDER-REMOVE/Materials/env_clementinehouseinteriortrashcan.mat
  artifactKey: Guid(2afdc8633cb0f1b40b40396f3da77385) Importer(815301076,1909f56bfc062723c751e8b465ee728b)
Start importing Assets/Mesh/PLACEHOLDER-REMOVE/Materials/env_clementinehouseinteriortrashcan.mat using Guid(2afdc8633cb0f1b40b40396f3da77385) Importer(815301076,1909f56bfc062723c751e8b465ee728b)  -> (artifact id: 'f4a7cbc930a7e22e7e250f7659bd7ff4') in 0.036977 seconds
  Import took 0.039793 seconds .

========================================================================
Received Import Request.
  Time since last request: 0.000199 seconds.
  path: Assets/Mesh/PLACEHOLDER-REMOVE/Materials/env_drugstoreintcountertops_text.mat
  artifactKey: Guid(345c6c3442b21c14383f76998bf18d3d) Importer(815301076,1909f56bfc062723c751e8b465ee728b)
Start importing Assets/Mesh/PLACEHOLDER-REMOVE/Materials/env_drugstoreintcountertops_text.mat using Guid(345c6c3442b21c14383f76998bf18d3d) Importer(815301076,1909f56bfc062723c751e8b465ee728b)  -> (artifact id: 'c6d512230cabaee9129fee0e6a2b4b91') in 0.041197 seconds
  Import took 0.043235 seconds .

========================================================================
Received Import Request.
  Time since last request: 0.000214 seconds.
  path: Assets/Mesh/PLACEHOLDER-REMOVE/Materials/env_clementinehouseexterior_railing.mat
  artifactKey: Guid(7a955ce63d771e2449d9149d7fe60e4b) Importer(815301076,1909f56bfc062723c751e8b465ee728b)
Start importing Assets/Mesh/PLACEHOLDER-REMOVE/Materials/env_clementinehouseexterior_railing.mat using Guid(7a955ce63d771e2449d9149d7fe60e4b) Importer(815301076,1909f56bfc062723c751e8b465ee728b)  -> (artifact id: 'fb84ac4af867f09d71642c3bd2161355') in 0.038449 seconds
  Import took 0.041565 seconds .

========================================================================
Received Import Request.
  Time since last request: 0.000231 seconds.
  path: Assets/Mesh/PLACEHOLDER-REMOVE/Materials/env_drugstoreextlittera_text.mat
  artifactKey: Guid(a99f9a293eab6c747b26a64914d4f0c8) Importer(815301076,1909f56bfc062723c751e8b465ee728b)
Start importing Assets/Mesh/PLACEHOLDER-REMOVE/Materials/env_drugstoreextlittera_text.mat using Guid(a99f9a293eab6c747b26a64914d4f0c8) Importer(815301076,1909f56bfc062723c751e8b465ee728b)  -> (artifact id: '0e69c3038ffb95a6aeab93a42c49c01c') in 0.012335 seconds
  Import took 0.014929 seconds .

========================================================================
Received Import Request.
  Time since last request: 0.000289 seconds.
  path: Assets/Mesh/PLACEHOLDER-REMOVE/Materials/env_drugstoreintproductsa.mat
  artifactKey: Guid(f13a3e4a7bc2a224a8c0bf41c54b1839) Importer(815301076,1909f56bfc062723c751e8b465ee728b)
Start importing Assets/Mesh/PLACEHOLDER-REMOVE/Materials/env_drugstoreintproductsa.mat using Guid(f13a3e4a7bc2a224a8c0bf41c54b1839) Importer(815301076,1909f56bfc062723c751e8b465ee728b)  -> (artifact id: '77969e45fa8140fd78ef6eb5e8e48ddd') in 0.011493 seconds
  Import took 0.013578 seconds .

========================================================================
Received Import Request.
  Time since last request: 0.000170 seconds.
  path: Assets/Mesh/PLACEHOLDER-REMOVE/Materials/tile_floortilesdrugstoreint.mat
  artifactKey: Guid(923879510febbcd44b202f58c5066a40) Importer(815301076,1909f56bfc062723c751e8b465ee728b)
Start importing Assets/Mesh/PLACEHOLDER-REMOVE/Materials/tile_floortilesdrugstoreint.mat using Guid(923879510febbcd44b202f58c5066a40) Importer(815301076,1909f56bfc062723c751e8b465ee728b)  -> (artifact id: 'e15a1949a0b453209cf32d03a57897c3') in 0.013720 seconds
  Import took 0.016100 seconds .

========================================================================
Received Import Request.
  Time since last request: 0.000249 seconds.
  path: Assets/Mesh/PLACEHOLDER-REMOVE/Materials/env_clementinehouseinteriorbackpack.mat
  artifactKey: Guid(b365cb0049e298046aa7089152f2e049) Importer(815301076,1909f56bfc062723c751e8b465ee728b)
Start importing Assets/Mesh/PLACEHOLDER-REMOVE/Materials/env_clementinehouseinteriorbackpack.mat using Guid(b365cb0049e298046aa7089152f2e049) Importer(815301076,1909f56bfc062723c751e8b465ee728b)  -> (artifact id: '66270695b8161c11a5ba496a67b307e0') in 0.013669 seconds
  Import took 0.016307 seconds .

========================================================================
Received Import Request.
  Time since last request: 0.000250 seconds.
  path: Assets/Mesh/PLACEHOLDER-REMOVE/Materials/env_woodsjolenecansoup.mat
  artifactKey: Guid(99fd396ad3436d14e894a991c408d758) Importer(815301076,1909f56bfc062723c751e8b465ee728b)
Start importing Assets/Mesh/PLACEHOLDER-REMOVE/Materials/env_woodsjolenecansoup.mat using Guid(99fd396ad3436d14e894a991c408d758) Importer(815301076,1909f56bfc062723c751e8b465ee728b)  -> (artifact id: '73bb1b87a8a003c7d7cc3976fcc33af1') in 0.012235 seconds
  Import took 0.014973 seconds .

========================================================================
Received Import Request.
  Time since last request: 0.000267 seconds.
  path: Assets/Mesh/PLACEHOLDER-REMOVE/Materials/env_drugstoreofficebooksa.mat
  artifactKey: Guid(0ccd7b47691ee104c964f7d4393e3dc4) Importer(815301076,1909f56bfc062723c751e8b465ee728b)
Start importing Assets/Mesh/PLACEHOLDER-REMOVE/Materials/env_drugstoreofficebooksa.mat using Guid(0ccd7b47691ee104c964f7d4393e3dc4) Importer(815301076,1909f56bfc062723c751e8b465ee728b)  -> (artifact id: '368be73eb1173f1671aeb08876309009') in 0.039538 seconds
  Import took 0.041705 seconds .

========================================================================
Received Import Request.
  Time since last request: 0.000274 seconds.
  path: Assets/Mesh/PLACEHOLDER-REMOVE/Materials/obj_drugstoreofficeboxes.mat
  artifactKey: Guid(f6e56ed6e0b248243b130bc609809a4e) Importer(815301076,1909f56bfc062723c751e8b465ee728b)
Start importing Assets/Mesh/PLACEHOLDER-REMOVE/Materials/obj_drugstoreofficeboxes.mat using Guid(f6e56ed6e0b248243b130bc609809a4e) Importer(815301076,1909f56bfc062723c751e8b465ee728b)  -> (artifact id: '667bc8717121838a128f6f43a2d9fb35') in 0.013138 seconds
  Import took 0.015905 seconds .

========================================================================
Received Import Request.
  Time since last request: 0.000287 seconds.
  path: Assets/Mesh/PLACEHOLDER-REMOVE/Materials/env_drugstoreofficeinteriorpharmacyflatb.mat
  artifactKey: Guid(639a53a0524b93d4d9b0e64ac1636a16) Importer(815301076,1909f56bfc062723c751e8b465ee728b)
Start importing Assets/Mesh/PLACEHOLDER-REMOVE/Materials/env_drugstoreofficeinteriorpharmacyflatb.mat using Guid(639a53a0524b93d4d9b0e64ac1636a16) Importer(815301076,1909f56bfc062723c751e8b465ee728b)  -> (artifact id: '8522c906a97425a905f03aeec3e89689') in 0.011253 seconds
  Import took 0.013454 seconds .

========================================================================
Received Import Request.
  Time since last request: 0.000331 seconds.
  path: Assets/Mesh/PLACEHOLDER-REMOVE/Materials/env_drugstoreintshutters.mat
  artifactKey: Guid(2154c2df7a750d04996da61d82cfd136) Importer(815301076,1909f56bfc062723c751e8b465ee728b)
Start importing Assets/Mesh/PLACEHOLDER-REMOVE/Materials/env_drugstoreintshutters.mat using Guid(2154c2df7a750d04996da61d82cfd136) Importer(815301076,1909f56bfc062723c751e8b465ee728b)  -> (artifact id: '4df186d7ca271111c5377872d3371567') in 0.040951 seconds
  Import took 0.043084 seconds .

========================================================================
Received Import Request.
  Time since last request: 0.000267 seconds.
  path: Assets/Mesh/PLACEHOLDER-REMOVE/Materials/obj_drugstoreofficelights.mat
  artifactKey: Guid(111993eb291b7a54da6bd37b939aacbc) Importer(815301076,1909f56bfc062723c751e8b465ee728b)
Start importing Assets/Mesh/PLACEHOLDER-REMOVE/Materials/obj_drugstoreofficelights.mat using Guid(111993eb291b7a54da6bd37b939aacbc) Importer(815301076,1909f56bfc062723c751e8b465ee728b)  -> (artifact id: '041c177442f6098798d9d505a47c2eaf') in 0.012615 seconds
  Import took 0.014934 seconds .

========================================================================
Received Import Request.
  Time since last request: 0.000191 seconds.
  path: Assets/Mesh/PLACEHOLDER-REMOVE/Materials/obj_bloodsmearmorgue_alpha.mat
  artifactKey: Guid(c3e2eccb6d889974bb69d8a2ea79f731) Importer(815301076,1909f56bfc062723c751e8b465ee728b)
Start importing Assets/Mesh/PLACEHOLDER-REMOVE/Materials/obj_bloodsmearmorgue_alpha.mat using Guid(c3e2eccb6d889974bb69d8a2ea79f731) Importer(815301076,1909f56bfc062723c751e8b465ee728b)  -> (artifact id: '8c10144f42d47a129fd5bc4b8e860c65') in 0.011944 seconds
  Import took 0.014155 seconds .

========================================================================
Received Import Request.
  Time since last request: 0.000188 seconds.
  path: Assets/Mesh/PLACEHOLDER-REMOVE/Materials/obj_drugstoreofficelantern.mat
  artifactKey: Guid(6ecb451d6c3786144a2167b56f7b2ecc) Importer(815301076,1909f56bfc062723c751e8b465ee728b)
Start importing Assets/Mesh/PLACEHOLDER-REMOVE/Materials/obj_drugstoreofficelantern.mat using Guid(6ecb451d6c3786144a2167b56f7b2ecc) Importer(815301076,1909f56bfc062723c751e8b465ee728b)  -> (artifact id: 'f945b0512f5480aa022e1716287ef51d') in 0.034819 seconds
  Import took 0.037611 seconds .

========================================================================
Received Import Request.
  Time since last request: 0.000217 seconds.
  path: Assets/Mesh/PLACEHOLDER-REMOVE/Materials/obj_drugstoreofficetable.mat
  artifactKey: Guid(cdbb31f92aa00d24082c4663eb450a67) Importer(815301076,1909f56bfc062723c751e8b465ee728b)
Start importing Assets/Mesh/PLACEHOLDER-REMOVE/Materials/obj_drugstoreofficetable.mat using Guid(cdbb31f92aa00d24082c4663eb450a67) Importer(815301076,1909f56bfc062723c751e8b465ee728b)  -> (artifact id: '40eb4bedd0b2aff679f9f785d11a527e') in 0.011289 seconds
  Import took 0.013484 seconds .

========================================================================
Received Import Request.
  Time since last request: 0.000292 seconds.
  path: Assets/Mesh/PLACEHOLDER-REMOVE/Materials/obj_drugstoreofficebookshelfboxes.mat
  artifactKey: Guid(3ce5cfa717887bc409f410543e9f444f) Importer(815301076,1909f56bfc062723c751e8b465ee728b)
Start importing Assets/Mesh/PLACEHOLDER-REMOVE/Materials/obj_drugstoreofficebookshelfboxes.mat using Guid(3ce5cfa717887bc409f410543e9f444f) Importer(815301076,1909f56bfc062723c751e8b465ee728b)  -> (artifact id: 'cd1aebec5031a10ee3cdab0feeb13f4c') in 0.011717 seconds
  Import took 0.014028 seconds .

========================================================================
Received Import Request.
  Time since last request: 0.000225 seconds.
  path: Assets/Mesh/PLACEHOLDER-REMOVE/Materials/env_dairymeatlocker_text.mat
  artifactKey: Guid(889b0f5a56edd904881479d2193a0cc3) Importer(815301076,1909f56bfc062723c751e8b465ee728b)
Start importing Assets/Mesh/PLACEHOLDER-REMOVE/Materials/env_dairymeatlocker_text.mat using Guid(889b0f5a56edd904881479d2193a0cc3) Importer(815301076,1909f56bfc062723c751e8b465ee728b)  -> (artifact id: '49b2e35f4ede11d462193b6c5ca785cc') in 0.036281 seconds
  Import took 0.038761 seconds .

========================================================================
Received Import Request.
  Time since last request: 0.000203 seconds.
  path: Assets/Mesh/PLACEHOLDER-REMOVE/Materials/tile_ceilingtilesdrugstoreoffice.mat
  artifactKey: Guid(8f40c20f8b86f4040b0973be13a4ae0b) Importer(815301076,1909f56bfc062723c751e8b465ee728b)
Start importing Assets/Mesh/PLACEHOLDER-REMOVE/Materials/tile_ceilingtilesdrugstoreoffice.mat using Guid(8f40c20f8b86f4040b0973be13a4ae0b) Importer(815301076,1909f56bfc062723c751e8b465ee728b)  -> (artifact id: '4ea0e7d0c975986a6618abe50c4bf157') in 0.011770 seconds
  Import took 0.014610 seconds .

========================================================================
Received Import Request.
  Time since last request: 0.000227 seconds.
  path: Assets/Mesh/PLACEHOLDER-REMOVE/Materials/obj_fireextinguisher.mat
  artifactKey: Guid(b10261efe65fae34e8dd1bb2672ea32e) Importer(815301076,1909f56bfc062723c751e8b465ee728b)
Start importing Assets/Mesh/PLACEHOLDER-REMOVE/Materials/obj_fireextinguisher.mat using Guid(b10261efe65fae34e8dd1bb2672ea32e) Importer(815301076,1909f56bfc062723c751e8b465ee728b)  -> (artifact id: 'fe6bca34dc7ce277092063448a5c6457') in 0.013014 seconds
  Import took 0.014904 seconds .

========================================================================
Received Import Request.
  Time since last request: 0.000271 seconds.
  path: Assets/Mesh/PLACEHOLDER-REMOVE/Materials/obj_clockmorgue.mat
  artifactKey: Guid(99a7b741117920641ac15edbf9f66ae2) Importer(815301076,1909f56bfc062723c751e8b465ee728b)
Start importing Assets/Mesh/PLACEHOLDER-REMOVE/Materials/obj_clockmorgue.mat using Guid(99a7b741117920641ac15edbf9f66ae2) Importer(815301076,1909f56bfc062723c751e8b465ee728b)  -> (artifact id: '96fe151f36c2fd53bf7242876682fa7f') in 0.013778 seconds
  Import took 0.015956 seconds .

========================================================================
Received Import Request.
  Time since last request: 0.000363 seconds.
  path: Assets/Mesh/PLACEHOLDER-REMOVE/Materials/env_drugstoreintshelvesa.mat
  artifactKey: Guid(647da5f1f0a6c7c48a3d304c929eb92f) Importer(815301076,1909f56bfc062723c751e8b465ee728b)
Start importing Assets/Mesh/PLACEHOLDER-REMOVE/Materials/env_drugstoreintshelvesa.mat using Guid(647da5f1f0a6c7c48a3d304c929eb92f) Importer(815301076,1909f56bfc062723c751e8b465ee728b)  -> (artifact id: '609db2b978ad5f17336e2951b3c4b37f') in 0.011495 seconds
  Import took 0.013682 seconds .

========================================================================
Received Import Request.
  Time since last request: 0.000265 seconds.
  path: Assets/Mesh/PLACEHOLDER-REMOVE/Materials/tile_ceilingtilesdrugstoreint.mat
  artifactKey: Guid(2c381533bec3e79408511eafa7e83471) Importer(815301076,1909f56bfc062723c751e8b465ee728b)
Start importing Assets/Mesh/PLACEHOLDER-REMOVE/Materials/tile_ceilingtilesdrugstoreint.mat using Guid(2c381533bec3e79408511eafa7e83471) Importer(815301076,1909f56bfc062723c751e8b465ee728b)  -> (artifact id: 'a3cd3ea60e93f604d591c9c16894adce') in 0.012730 seconds
  Import took 0.015205 seconds .

========================================================================
Received Import Request.
  Time since last request: 0.000205 seconds.
  path: Assets/Mesh/PLACEHOLDER-REMOVE/Materials/tile_drugstoreofficewalla.mat
  artifactKey: Guid(76beb8b05661add4192f7579f0747a2d) Importer(815301076,1909f56bfc062723c751e8b465ee728b)
Start importing Assets/Mesh/PLACEHOLDER-REMOVE/Materials/tile_drugstoreofficewalla.mat using Guid(76beb8b05661add4192f7579f0747a2d) Importer(815301076,1909f56bfc062723c751e8b465ee728b)  -> (artifact id: '733ab42891dec3df6c95eec1924607a3') in 0.014249 seconds
  Import took 0.017066 seconds .

========================================================================
Received Import Request.
  Time since last request: 0.000255 seconds.
  path: Assets/Mesh/PLACEHOLDER-REMOVE/Materials/env_clementinehouseinteriorstairsbottom.mat
  artifactKey: Guid(87b4ac72067aa614f91af87b061473e2) Importer(815301076,1909f56bfc062723c751e8b465ee728b)
Start importing Assets/Mesh/PLACEHOLDER-REMOVE/Materials/env_clementinehouseinteriorstairsbottom.mat using Guid(87b4ac72067aa614f91af87b061473e2) Importer(815301076,1909f56bfc062723c751e8b465ee728b)  -> (artifact id: 'b9400a94c47ed20d8a0ab99a7d6377ef') in 0.017745 seconds
  Import took 0.020473 seconds .

========================================================================
Received Import Request.
  Time since last request: 0.000231 seconds.
  path: Assets/Mesh/PLACEHOLDER-REMOVE/Materials/tile_bricka.mat
  artifactKey: Guid(44d1f7feb5764e140aaeb28c81ec3b97) Importer(815301076,1909f56bfc062723c751e8b465ee728b)
Start importing Assets/Mesh/PLACEHOLDER-REMOVE/Materials/tile_bricka.mat using Guid(44d1f7feb5764e140aaeb28c81ec3b97) Importer(815301076,1909f56bfc062723c751e8b465ee728b)  -> (artifact id: '6d21d9367edf008d906b7e647c7b7ffc') in 0.012529 seconds
  Import took 0.014968 seconds .

========================================================================
Received Import Request.
  Time since last request: 0.000210 seconds.
  path: Assets/Mesh/PLACEHOLDER-REMOVE/Materials/env_clementinehouseinteriorcabinetstuff.mat
  artifactKey: Guid(8680967aead27c04bbbbe966362ee62e) Importer(815301076,1909f56bfc062723c751e8b465ee728b)
Start importing Assets/Mesh/PLACEHOLDER-REMOVE/Materials/env_clementinehouseinteriorcabinetstuff.mat using Guid(8680967aead27c04bbbbe966362ee62e) Importer(815301076,1909f56bfc062723c751e8b465ee728b)  -> (artifact id: '58217064c4c055dd21ea3a8d87bc4c5e') in 0.013506 seconds
  Import took 0.015546 seconds .

========================================================================
Received Import Request.
  Time since last request: 0.000205 seconds.
  path: Assets/Mesh/PLACEHOLDER-REMOVE/Materials/tile_inklinea_alpha.mat
  artifactKey: Guid(aaefa3adf9c6f6842bb7ae4fd278840f) Importer(815301076,1909f56bfc062723c751e8b465ee728b)
Start importing Assets/Mesh/PLACEHOLDER-REMOVE/Materials/tile_inklinea_alpha.mat using Guid(aaefa3adf9c6f6842bb7ae4fd278840f) Importer(815301076,1909f56bfc062723c751e8b465ee728b)  -> (artifact id: 'dd83196cea133bcb2001c08523925568') in 0.034131 seconds
  Import took 0.036285 seconds .

========================================================================
Received Import Request.
  Time since last request: 0.000270 seconds.
  path: Assets/Mesh/PLACEHOLDER-REMOVE/Materials/env_drugstoreofficesetdressitems.mat
  artifactKey: Guid(796764b7cf6c2594a9ed3490e1c7f512) Importer(815301076,1909f56bfc062723c751e8b465ee728b)
Start importing Assets/Mesh/PLACEHOLDER-REMOVE/Materials/env_drugstoreofficesetdressitems.mat using Guid(796764b7cf6c2594a9ed3490e1c7f512) Importer(815301076,1909f56bfc062723c751e8b465ee728b)  -> (artifact id: '2cc6fd26d8cc7d938a92c9ea5b1e3feb') in 0.012104 seconds
  Import took 0.014282 seconds .

========================================================================
Received Import Request.
  Time since last request: 0.000264 seconds.
  path: Assets/Mesh/PLACEHOLDER-REMOVE/Materials/obj_drugstoreofficedoors.mat
  artifactKey: Guid(26d9073c049aad14493ed55d2411187c) Importer(815301076,1909f56bfc062723c751e8b465ee728b)
Start importing Assets/Mesh/PLACEHOLDER-REMOVE/Materials/obj_drugstoreofficedoors.mat using Guid(26d9073c049aad14493ed55d2411187c) Importer(815301076,1909f56bfc062723c751e8b465ee728b)  -> (artifact id: 'ebbca4c687bf02c7e1699dfc3fd66f85') in 0.011887 seconds
  Import took 0.014608 seconds .

========================================================================
Received Import Request.
  Time since last request: 0.000232 seconds.
  path: Assets/Mesh/PLACEHOLDER-REMOVE/Materials/env_drugstoreintpapers.mat
  artifactKey: Guid(0d9b8ce5e8b1e5140937e19c2f966314) Importer(815301076,1909f56bfc062723c751e8b465ee728b)
Start importing Assets/Mesh/PLACEHOLDER-REMOVE/Materials/env_drugstoreintpapers.mat using Guid(0d9b8ce5e8b1e5140937e19c2f966314) Importer(815301076,1909f56bfc062723c751e8b465ee728b)  -> (artifact id: '24a80b80059adb08712e9b8718d74a13') in 0.013738 seconds
  Import took 0.016507 seconds .

========================================================================
Received Import Request.
  Time since last request: 0.000220 seconds.
  path: Assets/Mesh/PLACEHOLDER-REMOVE/Materials/obj_drugstoreofficecabinets.mat
  artifactKey: Guid(5888ac41ea8d281419ce030a2a9cce02) Importer(815301076,1909f56bfc062723c751e8b465ee728b)
Start importing Assets/Mesh/PLACEHOLDER-REMOVE/Materials/obj_drugstoreofficecabinets.mat using Guid(5888ac41ea8d281419ce030a2a9cce02) Importer(815301076,1909f56bfc062723c751e8b465ee728b)  -> (artifact id: '408ec3cb16a3d316f02d052826afc470') in 0.013769 seconds
  Import took 0.015937 seconds .

========================================================================
Received Import Request.
  Time since last request: 0.000204 seconds.
  path: Assets/Mesh/PLACEHOLDER-REMOVE/Materials/obj_drugstoreofficechairfolding.mat
  artifactKey: Guid(a5c908ec7c7a150429b320eac3ba807c) Importer(815301076,1909f56bfc062723c751e8b465ee728b)
Start importing Assets/Mesh/PLACEHOLDER-REMOVE/Materials/obj_drugstoreofficechairfolding.mat using Guid(a5c908ec7c7a150429b320eac3ba807c) Importer(815301076,1909f56bfc062723c751e8b465ee728b)  -> (artifact id: '6e6467a5ddf52306d16bab77d6964faf') in 0.011864 seconds
  Import took 0.013953 seconds .

========================================================================
Received Import Request.
  Time since last request: 0.000304 seconds.
  path: Assets/Mesh/PLACEHOLDER-REMOVE/Materials/env_drugstoreinteriordrugstoreinteriorbackdrop.mat
  artifactKey: Guid(b72f43bbcc47c4841b42f12e03f4b922) Importer(815301076,1909f56bfc062723c751e8b465ee728b)
Start importing Assets/Mesh/PLACEHOLDER-REMOVE/Materials/env_drugstoreinteriordrugstoreinteriorbackdrop.mat using Guid(b72f43bbcc47c4841b42f12e03f4b922) Importer(815301076,1909f56bfc062723c751e8b465ee728b)  -> (artifact id: '55c90fb229b39d7cb0d11d5f20913265') in 0.035774 seconds
  Import took 0.038178 seconds .

========================================================================
Received Import Request.
  Time since last request: 0.000302 seconds.
  path: Assets/Mesh/PLACEHOLDER-REMOVE/Materials/env_barninteriorboxeverett_text.mat
  artifactKey: Guid(244fb169af59e2c48b7141b241ea0835) Importer(815301076,1909f56bfc062723c751e8b465ee728b)
Start importing Assets/Mesh/PLACEHOLDER-REMOVE/Materials/env_barninteriorboxeverett_text.mat using Guid(244fb169af59e2c48b7141b241ea0835) Importer(815301076,1909f56bfc062723c751e8b465ee728b)  -> (artifact id: 'f4b27ba339f99adda34170be2f372ead') in 0.011466 seconds
  Import took 0.013757 seconds .

========================================================================
Received Import Request.
  Time since last request: 0.000227 seconds.
  path: Assets/Mesh/PLACEHOLDER-REMOVE/Materials/env_clemetinehouseinteriorbloodpool_alpha.mat
  artifactKey: Guid(6f14585472c397442bef0638ceeadda9) Importer(815301076,1909f56bfc062723c751e8b465ee728b)
Start importing Assets/Mesh/PLACEHOLDER-REMOVE/Materials/env_clemetinehouseinteriorbloodpool_alpha.mat using Guid(6f14585472c397442bef0638ceeadda9) Importer(815301076,1909f56bfc062723c751e8b465ee728b)  -> (artifact id: 'dc7d207237dd4092132e5f894dbdbde4') in 0.012093 seconds
  Import took 0.014089 seconds .

========================================================================
Received Import Request.
  Time since last request: 0.000231 seconds.
  path: Assets/Mesh/PLACEHOLDER-REMOVE/Materials/env_drugstoreofficeexitsign_text.mat
  artifactKey: Guid(6f8531be6f152b6428a0a95e6948ed61) Importer(815301076,1909f56bfc062723c751e8b465ee728b)
Start importing Assets/Mesh/PLACEHOLDER-REMOVE/Materials/env_drugstoreofficeexitsign_text.mat using Guid(6f8531be6f152b6428a0a95e6948ed61) Importer(815301076,1909f56bfc062723c751e8b465ee728b)  -> (artifact id: '230f572abddfffffda82db250b0b9bc6') in 0.012489 seconds
  Import took 0.015058 seconds .

========================================================================
Received Import Request.
  Time since last request: 0.000220 seconds.
  path: Assets/Mesh/PLACEHOLDER-REMOVE/Materials/obj_drugstoreofficebed.mat
  artifactKey: Guid(0437a3209f4bf9342ae63bf763530b81) Importer(815301076,1909f56bfc062723c751e8b465ee728b)
Start importing Assets/Mesh/PLACEHOLDER-REMOVE/Materials/obj_drugstoreofficebed.mat using Guid(0437a3209f4bf9342ae63bf763530b81) Importer(815301076,1909f56bfc062723c751e8b465ee728b)  -> (artifact id: '1c359ea1faee7a0932f64fe895d06ae3') in 0.011791 seconds
  Import took 0.013690 seconds .

========================================================================
Received Import Request.
  Time since last request: 0.000218 seconds.
  path: Assets/Mesh/PLACEHOLDER-REMOVE/Materials/obj_drugstoreofficesignsa_text.mat
  artifactKey: Guid(0ad7970bb54a6bf45bed44b08a230464) Importer(815301076,1909f56bfc062723c751e8b465ee728b)
Start importing Assets/Mesh/PLACEHOLDER-REMOVE/Materials/obj_drugstoreofficesignsa_text.mat using Guid(0ad7970bb54a6bf45bed44b08a230464) Importer(815301076,1909f56bfc062723c751e8b465ee728b)  -> (artifact id: '68ad37889caa6e27365690bc812ee1f2') in 0.015924 seconds
  Import took 0.018488 seconds .

========================================================================
Received Import Request.
  Time since last request: 0.000310 seconds.
  path: Assets/Mesh/PLACEHOLDER-REMOVE/Materials/tile_drugstoreintwallc.mat
  artifactKey: Guid(f5a0257c743ef5b45861067b7fe0aa60) Importer(815301076,1909f56bfc062723c751e8b465ee728b)
Start importing Assets/Mesh/PLACEHOLDER-REMOVE/Materials/tile_drugstoreintwallc.mat using Guid(f5a0257c743ef5b45861067b7fe0aa60) Importer(815301076,1909f56bfc062723c751e8b465ee728b)  -> (artifact id: '9e8c45436d97470f9cd283d6ad1dceb9') in 0.013510 seconds
  Import took 0.015781 seconds .

========================================================================
Received Import Request.
  Time since last request: 0.000303 seconds.
  path: Assets/Mesh/PLACEHOLDER-REMOVE/Materials/obj_tablemorguewheels.mat
  artifactKey: Guid(1d81b51dc2c8ef84fa3cb7f687841584) Importer(815301076,1909f56bfc062723c751e8b465ee728b)
Start importing Assets/Mesh/PLACEHOLDER-REMOVE/Materials/obj_tablemorguewheels.mat using Guid(1d81b51dc2c8ef84fa3cb7f687841584) Importer(815301076,1909f56bfc062723c751e8b465ee728b)  -> (artifact id: '57af3b620ed3e23215fcd07d8082f4f6') in 0.030771 seconds
  Import took 0.033409 seconds .

========================================================================
Received Import Request.
  Time since last request: 0.000206 seconds.
  path: Assets/Mesh/PLACEHOLDER-REMOVE/Materials/obj_drugstoreofficebookshelf.mat
  artifactKey: Guid(e62954de8f50eb94b985235bccd0b1a8) Importer(815301076,1909f56bfc062723c751e8b465ee728b)
Start importing Assets/Mesh/PLACEHOLDER-REMOVE/Materials/obj_drugstoreofficebookshelf.mat using Guid(e62954de8f50eb94b985235bccd0b1a8) Importer(815301076,1909f56bfc062723c751e8b465ee728b)  -> (artifact id: 'f80cc3905b0167971bd4f513a1f83f5c') in 0.014873 seconds
  Import took 0.017755 seconds .

========================================================================
Received Import Request.
  Time since last request: 0.000194 seconds.
  path: Assets/Mesh/PLACEHOLDER-REMOVE/Materials/obj_drugstoreofficechairb.mat
  artifactKey: Guid(1a9eb62cd11dc9540a26b375bde2384d) Importer(815301076,1909f56bfc062723c751e8b465ee728b)
Start importing Assets/Mesh/PLACEHOLDER-REMOVE/Materials/obj_drugstoreofficechairb.mat using Guid(1a9eb62cd11dc9540a26b375bde2384d) Importer(815301076,1909f56bfc062723c751e8b465ee728b)  -> (artifact id: 'bf25fc2b08544d6c843dc01255783b5d') in 0.013428 seconds
  Import took 0.017249 seconds .

========================================================================
Received Import Request.
  Time since last request: 0.000360 seconds.
  path: Assets/Mesh/PLACEHOLDER-REMOVE/Materials/env_drugstoreintpharmacya.mat
  artifactKey: Guid(9fc3691bd02486245aa745c1cec3b379) Importer(815301076,1909f56bfc062723c751e8b465ee728b)
Start importing Assets/Mesh/PLACEHOLDER-REMOVE/Materials/env_drugstoreintpharmacya.mat using Guid(9fc3691bd02486245aa745c1cec3b379) Importer(815301076,1909f56bfc062723c751e8b465ee728b)  -> (artifact id: '16c6fba1aa433c00dd5fbe972542f1dc') in 0.022858 seconds
  Import took 0.025264 seconds .

========================================================================
Received Import Request.
  Time since last request: 0.000267 seconds.
  path: Assets/Mesh/PLACEHOLDER-REMOVE/Materials/env_clementinehouseinteriorteapot.mat
  artifactKey: Guid(f1f7c0f9e10bb564186f29b25a242b52) Importer(815301076,1909f56bfc062723c751e8b465ee728b)
Start importing Assets/Mesh/PLACEHOLDER-REMOVE/Materials/env_clementinehouseinteriorteapot.mat using Guid(f1f7c0f9e10bb564186f29b25a242b52) Importer(815301076,1909f56bfc062723c751e8b465ee728b)  -> (artifact id: 'cd96c6a2e9398bd3470871367a03aec3') in 0.013511 seconds
  Import took 0.016615 seconds .

========================================================================
Received Import Request.
  Time since last request: 0.000202 seconds.
  path: Assets/Mesh/PLACEHOLDER-REMOVE/Materials/env_drugstoreofficecalendar.mat
  artifactKey: Guid(119692f429451924eb93c6a89d15f679) Importer(815301076,1909f56bfc062723c751e8b465ee728b)
Start importing Assets/Mesh/PLACEHOLDER-REMOVE/Materials/env_drugstoreofficecalendar.mat using Guid(119692f429451924eb93c6a89d15f679) Importer(815301076,1909f56bfc062723c751e8b465ee728b)  -> (artifact id: '8206ce863bb62d04c0a5abeb9f84e252') in 0.015143 seconds
  Import took 0.017997 seconds .

========================================================================
Received Import Request.
  Time since last request: 0.000295 seconds.
  path: Assets/Mesh/PLACEHOLDER-REMOVE/Materials/obj_bloodspotmorgue_alpha.mat
  artifactKey: Guid(ddf965a3c43d45c40809771b8622af6e) Importer(815301076,1909f56bfc062723c751e8b465ee728b)
Start importing Assets/Mesh/PLACEHOLDER-REMOVE/Materials/obj_bloodspotmorgue_alpha.mat using Guid(ddf965a3c43d45c40809771b8622af6e) Importer(815301076,1909f56bfc062723c751e8b465ee728b)  -> (artifact id: '764a0fa6ff00a3354b67600170a52c41') in 0.028905 seconds
  Import took 0.030892 seconds .

========================================================================
Received Import Request.
  Time since last request: 0.000203 seconds.
  path: Assets/Mesh/PLACEHOLDER-REMOVE/Materials/env_drugstoreofficedeskdrawersupplies.mat
  artifactKey: Guid(4199abe39ffd21a4c9beb131e721f56b) Importer(815301076,1909f56bfc062723c751e8b465ee728b)
Start importing Assets/Mesh/PLACEHOLDER-REMOVE/Materials/env_drugstoreofficedeskdrawersupplies.mat using Guid(4199abe39ffd21a4c9beb131e721f56b) Importer(815301076,1909f56bfc062723c751e8b465ee728b)  -> (artifact id: '8833a545aa0e017d1112495e068107ed') in 0.010789 seconds
  Import took 0.013027 seconds .

========================================================================
Received Import Request.
  Time since last request: 0.000223 seconds.
  path: Assets/Mesh/PLACEHOLDER-REMOVE/Materials/env_drugstoreofficesignboardpapers.mat
  artifactKey: Guid(09f03ada8401bc24f8adb66dbefb13c4) Importer(815301076,1909f56bfc062723c751e8b465ee728b)
Start importing Assets/Mesh/PLACEHOLDER-REMOVE/Materials/env_drugstoreofficesignboardpapers.mat using Guid(09f03ada8401bc24f8adb66dbefb13c4) Importer(815301076,1909f56bfc062723c751e8b465ee728b)  -> (artifact id: 'b83de7f4369b116f074eaaf41b4bbc33') in 0.012492 seconds
  Import took 0.014741 seconds .

========================================================================
Received Import Request.
  Time since last request: 0.000247 seconds.
  path: Assets/Mesh/PLACEHOLDER-REMOVE/Materials/tile_clockbase.mat
  artifactKey: Guid(a9a941fd45d1e094199a0d6ae626825e) Importer(815301076,1909f56bfc062723c751e8b465ee728b)
Start importing Assets/Mesh/PLACEHOLDER-REMOVE/Materials/tile_clockbase.mat using Guid(a9a941fd45d1e094199a0d6ae626825e) Importer(815301076,1909f56bfc062723c751e8b465ee728b)  -> (artifact id: '61447a725d5e7295c5322468c0acc143') in 0.028108 seconds
  Import took 0.030541 seconds .

========================================================================
Received Import Request.
  Time since last request: 0.000304 seconds.
  path: Assets/Mesh/PLACEHOLDER-REMOVE/Materials/tile_drugstoreintwallb.mat
  artifactKey: Guid(5520940e459e73347836de7d556050ee) Importer(815301076,1909f56bfc062723c751e8b465ee728b)
Start importing Assets/Mesh/PLACEHOLDER-REMOVE/Materials/tile_drugstoreintwallb.mat using Guid(5520940e459e73347836de7d556050ee) Importer(815301076,1909f56bfc062723c751e8b465ee728b)  -> (artifact id: '918b27684884fcdb83ce6ccb53f7ca85') in 0.010928 seconds
  Import took 0.013521 seconds .

========================================================================
Received Import Request.
  Time since last request: 0.000239 seconds.
  path: Assets/Mesh/PLACEHOLDER-REMOVE/Materials/tile_floortilesdrugstoreoffice.mat
  artifactKey: Guid(afc4c97f42d60dc459224c29de0d9b86) Importer(815301076,1909f56bfc062723c751e8b465ee728b)
Start importing Assets/Mesh/PLACEHOLDER-REMOVE/Materials/tile_floortilesdrugstoreoffice.mat using Guid(afc4c97f42d60dc459224c29de0d9b86) Importer(815301076,1909f56bfc062723c751e8b465ee728b)  -> (artifact id: '7936e8a99e96ce405fdf225114f77511') in 0.011441 seconds
  Import took 0.013839 seconds .

========================================================================
Received Import Request.
  Time since last request: 0.000283 seconds.
  path: Assets/Mesh/PLACEHOLDER-REMOVE/Materials/env_clementinehouseinteriormicrowave.mat
  artifactKey: Guid(3458761c25e58fa4085c42baedff6f3c) Importer(815301076,1909f56bfc062723c751e8b465ee728b)
Start importing Assets/Mesh/PLACEHOLDER-REMOVE/Materials/env_clementinehouseinteriormicrowave.mat using Guid(3458761c25e58fa4085c42baedff6f3c) Importer(815301076,1909f56bfc062723c751e8b465ee728b)  -> (artifact id: 'cbc4ecefd4332ed70563f208c7f0cc73') in 0.011102 seconds
  Import took 0.013221 seconds .

========================================================================
Received Import Request.
  Time since last request: 0.000332 seconds.
  path: Assets/Mesh/PLACEHOLDER-REMOVE/Materials/tile_drugstoreofficewallbottom.mat
  artifactKey: Guid(a6da19ef442235c459e968dd8f3f29d6) Importer(815301076,1909f56bfc062723c751e8b465ee728b)
Start importing Assets/Mesh/PLACEHOLDER-REMOVE/Materials/tile_drugstoreofficewallbottom.mat using Guid(a6da19ef442235c459e968dd8f3f29d6) Importer(815301076,1909f56bfc062723c751e8b465ee728b)  -> (artifact id: '1fac53e0b5490fd6f64b85f8a80fa45f') in 0.011379 seconds
  Import took 0.013273 seconds .

========================================================================
Received Import Request.
  Time since last request: 0.000226 seconds.
  path: Assets/Mesh/PLACEHOLDER-REMOVE/Materials/tile_cansempty.mat
  artifactKey: Guid(f71d3fbfdce394844a6f5e7b36bb848c) Importer(815301076,1909f56bfc062723c751e8b465ee728b)
Start importing Assets/Mesh/PLACEHOLDER-REMOVE/Materials/tile_cansempty.mat using Guid(f71d3fbfdce394844a6f5e7b36bb848c) Importer(815301076,1909f56bfc062723c751e8b465ee728b)  -> (artifact id: 'e13e1a78ffdd5abe9bf3cedf167848e4') in 0.013382 seconds
  Import took 0.015192 seconds .

========================================================================
Received Import Request.
  Time since last request: 0.000279 seconds.
  path: Assets/Mesh/PLACEHOLDER-REMOVE/Materials/tile_drugstoreintwalla.mat
  artifactKey: Guid(628eb8a34800a654081ef8db7fd31d10) Importer(815301076,1909f56bfc062723c751e8b465ee728b)
Start importing Assets/Mesh/PLACEHOLDER-REMOVE/Materials/tile_drugstoreintwalla.mat using Guid(628eb8a34800a654081ef8db7fd31d10) Importer(815301076,1909f56bfc062723c751e8b465ee728b)  -> (artifact id: 'd03eab39e62b43aa7056ca47706db5df') in 0.010978 seconds
  Import took 0.013136 seconds .

========================================================================
Received Import Request.
  Time since last request: 34.478660 seconds.
  path: Assets/Scripts/SceneLoader.cs
  artifactKey: Guid(43558760564a1e142aeb524f846629f4) Importer(815301076,1909f56bfc062723c751e8b465ee728b)
Start importing Assets/Scripts/SceneLoader.cs using Guid(43558760564a1e142aeb524f846629f4) Importer(815301076,1909f56bfc062723c751e8b465ee728b)  -> (artifact id: '3798463ade329ba479c8d269460ac829') in 0.010922 seconds
  Import took 0.012988 seconds .

========================================================================
Received Prepare
Registering precompiled user dll's ...
Registered in 0.000606 seconds.
Begin MonoManager ReloadAssembly
Native extension for WindowsStandalone target not found
Refreshing native plugins compatible for Editor in 0.23 ms, found 1 plugins.
Preloading 1 native plugins for Editor in 0.03 ms.
Invoked RoslynAnalysisRunner static constructor.
RoslynAnalysisRunner will not be running.
RoslynAnalysisRunner has terminated.
Mono: successfully reloaded assembly
- Completed reload, in  0.851 seconds
Platform modules already initialized, skipping
Refreshing native plugins compatible for Editor in 0.26 ms, found 1 plugins.
Preloading 1 native plugins for Editor in 0.04 ms.
Unloading 1112 Unused Serialized files (Serialized files now loaded: 0)
System memory in use before: 61.2 MB.
System memory in use after: 61.3 MB.

Unloading 6 unused Assets to reduce memory usage. Loaded Objects now: 1605.
Total: 2.290500 ms (FindLiveObjects: 0.152700 ms CreateObjectMapping: 0.036200 ms MarkObjects: 2.007800 ms  DeleteObjects: 0.092600 ms)

========================================================================
Received Prepare
Registering precompiled user dll's ...
Registered in 0.000687 seconds.
Begin MonoManager ReloadAssembly
Native extension for WindowsStandalone target not found
Refreshing native plugins compatible for Editor in 0.21 ms, found 1 plugins.
Preloading 1 native plugins for Editor in 0.04 ms.
Invoked RoslynAnalysisRunner static constructor.
RoslynAnalysisRunner will not be running.
RoslynAnalysisRunner has terminated.
Mono: successfully reloaded assembly
- Completed reload, in  0.911 seconds
Platform modules already initialized, skipping
Refreshing native plugins compatible for Editor in 0.27 ms, found 1 plugins.
Preloading 1 native plugins for Editor in 0.04 ms.
Unloading 1112 Unused Serialized files (Serialized files now loaded: 0)
System memory in use before: 61.2 MB.
System memory in use after: 61.3 MB.

Unloading 6 unused Assets to reduce memory usage. Loaded Objects now: 1607.
Total: 1.743800 ms (FindLiveObjects: 0.168500 ms CreateObjectMapping: 0.054200 ms MarkObjects: 1.451900 ms  DeleteObjects: 0.067800 ms)

========================================================================
Received Prepare
Registering precompiled user dll's ...
Registered in 0.000648 seconds.
Begin MonoManager ReloadAssembly
Native extension for WindowsStandalone target not found
Refreshing native plugins compatible for Editor in 0.33 ms, found 1 plugins.
Preloading 1 native plugins for Editor in 0.05 ms.
Invoked RoslynAnalysisRunner static constructor.
RoslynAnalysisRunner will not be running.
RoslynAnalysisRunner has terminated.
Mono: successfully reloaded assembly
- Completed reload, in  0.852 seconds
Platform modules already initialized, skipping
Refreshing native plugins compatible for Editor in 0.22 ms, found 1 plugins.
Preloading 1 native plugins for Editor in 0.03 ms.
Unloading 1112 Unused Serialized files (Serialized files now loaded: 0)
System memory in use before: 61.3 MB.
System memory in use after: 61.3 MB.

Unloading 6 unused Assets to reduce memory usage. Loaded Objects now: 1609.
Total: 1.503900 ms (FindLiveObjects: 0.136100 ms CreateObjectMapping: 0.038000 ms MarkObjects: 1.251900 ms  DeleteObjects: 0.076300 ms)

========================================================================
Received Prepare
Registering precompiled user dll's ...
Registered in 0.001069 seconds.
Begin MonoManager ReloadAssembly
Native extension for WindowsStandalone target not found
Refreshing native plugins compatible for Editor in 0.31 ms, found 1 plugins.
Preloading 1 native plugins for Editor in 0.03 ms.
Invoked RoslynAnalysisRunner static constructor.
RoslynAnalysisRunner will not be running.
RoslynAnalysisRunner has terminated.
Mono: successfully reloaded assembly
- Completed reload, in  0.821 seconds
Platform modules already initialized, skipping
Refreshing native plugins compatible for Editor in 0.22 ms, found 1 plugins.
Preloading 1 native plugins for Editor in 0.03 ms.
Unloading 1112 Unused Serialized files (Serialized files now loaded: 0)
System memory in use before: 61.3 MB.
System memory in use after: 61.3 MB.

Unloading 6 unused Assets to reduce memory usage. Loaded Objects now: 1611.
Total: 1.841900 ms (FindLiveObjects: 0.113400 ms CreateObjectMapping: 0.030500 ms MarkObjects: 1.605200 ms  DeleteObjects: 0.092000 ms)

========================================================================
Received Prepare
Registering precompiled user dll's ...
Registered in 0.049936 seconds.
Begin MonoManager ReloadAssembly
Native extension for WindowsStandalone target not found
Refreshing native plugins compatible for Editor in 0.24 ms, found 1 plugins.
Preloading 1 native plugins for Editor in 0.05 ms.
Invoked RoslynAnalysisRunner static constructor.
RoslynAnalysisRunner will not be running.
RoslynAnalysisRunner has terminated.
Mono: successfully reloaded assembly
- Completed reload, in  1.839 seconds
Platform modules already initialized, skipping
Refreshing native plugins compatible for Editor in 0.27 ms, found 1 plugins.
Preloading 1 native plugins for Editor in 0.04 ms.
Unloading 1112 Unused Serialized files (Serialized files now loaded: 0)
System memory in use before: 61.0 MB.
System memory in use after: 61.1 MB.

Unloading 6 unused Assets to reduce memory usage. Loaded Objects now: 1613.
Total: 2.144100 ms (FindLiveObjects: 0.229500 ms CreateObjectMapping: 0.050100 ms MarkObjects: 1.748400 ms  DeleteObjects: 0.114700 ms)

========================================================================
Received Prepare
Registering precompiled user dll's ...
Registered in 0.000649 seconds.
Begin MonoManager ReloadAssembly
Native extension for WindowsStandalone target not found
Refreshing native plugins compatible for Editor in 0.21 ms, found 1 plugins.
Preloading 1 native plugins for Editor in 0.03 ms.
Invoked RoslynAnalysisRunner static constructor.
RoslynAnalysisRunner will not be running.
RoslynAnalysisRunner has terminated.
Mono: successfully reloaded assembly
- Completed reload, in  0.846 seconds
Platform modules already initialized, skipping
Refreshing native plugins compatible for Editor in 0.30 ms, found 1 plugins.
Preloading 1 native plugins for Editor in 0.05 ms.
Unloading 1112 Unused Serialized files (Serialized files now loaded: 0)
System memory in use before: 61.3 MB.
System memory in use after: 61.3 MB.

Unloading 6 unused Assets to reduce memory usage. Loaded Objects now: 1615.
Total: 1.504900 ms (FindLiveObjects: 0.135000 ms CreateObjectMapping: 0.030800 ms MarkObjects: 1.245800 ms  DeleteObjects: 0.092600 ms)

========================================================================
Received Prepare
Registering precompiled user dll's ...
Registered in 0.000553 seconds.
Begin MonoManager ReloadAssembly
Native extension for WindowsStandalone target not found
Refreshing native plugins compatible for Editor in 0.36 ms, found 1 plugins.
Preloading 1 native plugins for Editor in 0.04 ms.
Invoked RoslynAnalysisRunner static constructor.
RoslynAnalysisRunner will not be running.
RoslynAnalysisRunner has terminated.
Mono: successfully reloaded assembly
- Completed reload, in  0.814 seconds
Platform modules already initialized, skipping
Refreshing native plugins compatible for Editor in 0.22 ms, found 1 plugins.
Preloading 1 native plugins for Editor in 0.03 ms.
Unloading 1112 Unused Serialized files (Serialized files now loaded: 0)
System memory in use before: 61.3 MB.
System memory in use after: 61.4 MB.

Unloading 6 unused Assets to reduce memory usage. Loaded Objects now: 1617.
Total: 2.232300 ms (FindLiveObjects: 0.291800 ms CreateObjectMapping: 0.134100 ms MarkObjects: 1.729400 ms  DeleteObjects: 0.074400 ms)

========================================================================
Received Prepare
Registering precompiled user dll's ...
Registered in 0.000852 seconds.
Begin MonoManager ReloadAssembly
Native extension for WindowsStandalone target not found
Refreshing native plugins compatible for Editor in 0.20 ms, found 1 plugins.
Preloading 1 native plugins for Editor in 0.04 ms.
Invoked RoslynAnalysisRunner static constructor.
RoslynAnalysisRunner will not be running.
RoslynAnalysisRunner has terminated.
Mono: successfully reloaded assembly
- Completed reload, in  0.866 seconds
Platform modules already initialized, skipping
Refreshing native plugins compatible for Editor in 0.20 ms, found 1 plugins.
Preloading 1 native plugins for Editor in 0.03 ms.
Unloading 1112 Unused Serialized files (Serialized files now loaded: 0)
System memory in use before: 61.3 MB.
System memory in use after: 61.4 MB.

Unloading 6 unused Assets to reduce memory usage. Loaded Objects now: 1619.
Total: 2.014700 ms (FindLiveObjects: 0.284500 ms CreateObjectMapping: 0.058300 ms MarkObjects: 1.574700 ms  DeleteObjects: 0.095700 ms)

========================================================================
Received Prepare
Registering precompiled user dll's ...
Registered in 0.000619 seconds.
Begin MonoManager ReloadAssembly
Native extension for WindowsStandalone target not found
Refreshing native plugins compatible for Editor in 0.21 ms, found 1 plugins.
Preloading 1 native plugins for Editor in 0.03 ms.
Invoked RoslynAnalysisRunner static constructor.
RoslynAnalysisRunner will not be running.
RoslynAnalysisRunner has terminated.
Mono: successfully reloaded assembly
- Completed reload, in  0.841 seconds
Platform modules already initialized, skipping
Refreshing native plugins compatible for Editor in 0.26 ms, found 1 plugins.
Preloading 1 native plugins for Editor in 0.03 ms.
Unloading 1112 Unused Serialized files (Serialized files now loaded: 0)
System memory in use before: 61.3 MB.
System memory in use after: 61.4 MB.

Unloading 6 unused Assets to reduce memory usage. Loaded Objects now: 1621.
Total: 2.622800 ms (FindLiveObjects: 0.185700 ms CreateObjectMapping: 0.048800 ms MarkObjects: 2.304500 ms  DeleteObjects: 0.082200 ms)

========================================================================
Received Prepare
Registering precompiled user dll's ...
Registered in 0.001042 seconds.
Begin MonoManager ReloadAssembly
Native extension for WindowsStandalone target not found
Refreshing native plugins compatible for Editor in 0.20 ms, found 1 plugins.
Preloading 1 native plugins for Editor in 0.04 ms.
Invoked RoslynAnalysisRunner static constructor.
RoslynAnalysisRunner will not be running.
RoslynAnalysisRunner has terminated.
Mono: successfully reloaded assembly
- Completed reload, in  0.853 seconds
Platform modules already initialized, skipping
Refreshing native plugins compatible for Editor in 0.35 ms, found 1 plugins.
Preloading 1 native plugins for Editor in 0.05 ms.
Unloading 1112 Unused Serialized files (Serialized files now loaded: 0)
System memory in use before: 61.3 MB.
System memory in use after: 61.4 MB.

Unloading 6 unused Assets to reduce memory usage. Loaded Objects now: 1623.
Total: 1.672800 ms (FindLiveObjects: 0.125600 ms CreateObjectMapping: 0.049100 ms MarkObjects: 1.424900 ms  DeleteObjects: 0.071700 ms)

========================================================================
Received Prepare
Registering precompiled user dll's ...
Registered in 0.000966 seconds.
Begin MonoManager ReloadAssembly
Native extension for WindowsStandalone target not found
Refreshing native plugins compatible for Editor in 0.20 ms, found 1 plugins.
Preloading 1 native plugins for Editor in 0.03 ms.
Invoked RoslynAnalysisRunner static constructor.
RoslynAnalysisRunner will not be running.
RoslynAnalysisRunner has terminated.
Mono: successfully reloaded assembly
- Completed reload, in  0.818 seconds
Platform modules already initialized, skipping
Refreshing native plugins compatible for Editor in 0.20 ms, found 1 plugins.
Preloading 1 native plugins for Editor in 0.03 ms.
Unloading 1112 Unused Serialized files (Serialized files now loaded: 0)
System memory in use before: 61.3 MB.
System memory in use after: 61.4 MB.

Unloading 6 unused Assets to reduce memory usage. Loaded Objects now: 1625.
Total: 2.074000 ms (FindLiveObjects: 0.182900 ms CreateObjectMapping: 0.052100 ms MarkObjects: 1.727500 ms  DeleteObjects: 0.110300 ms)

========================================================================
Received Prepare
Registering precompiled user dll's ...
Registered in 0.000577 seconds.
Begin MonoManager ReloadAssembly
Native extension for WindowsStandalone target not found
Refreshing native plugins compatible for Editor in 0.20 ms, found 1 plugins.
Preloading 1 native plugins for Editor in 0.04 ms.
Invoked RoslynAnalysisRunner static constructor.
RoslynAnalysisRunner will not be running.
RoslynAnalysisRunner has terminated.
Mono: successfully reloaded assembly
- Completed reload, in  0.824 seconds
Platform modules already initialized, skipping
Refreshing native plugins compatible for Editor in 0.20 ms, found 1 plugins.
Preloading 1 native plugins for Editor in 0.03 ms.
Unloading 1112 Unused Serialized files (Serialized files now loaded: 0)
System memory in use before: 61.3 MB.
System memory in use after: 61.4 MB.

Unloading 6 unused Assets to reduce memory usage. Loaded Objects now: 1627.
Total: 2.073800 ms (FindLiveObjects: 0.142400 ms CreateObjectMapping: 0.055000 ms MarkObjects: 1.780900 ms  DeleteObjects: 0.094500 ms)

========================================================================
Received Prepare
Registering precompiled user dll's ...
Registered in 0.000663 seconds.
Begin MonoManager ReloadAssembly
Native extension for WindowsStandalone target not found
Refreshing native plugins compatible for Editor in 0.20 ms, found 1 plugins.
Preloading 1 native plugins for Editor in 0.03 ms.
Invoked RoslynAnalysisRunner static constructor.
RoslynAnalysisRunner will not be running.
RoslynAnalysisRunner has terminated.
Mono: successfully reloaded assembly
- Completed reload, in  0.843 seconds
Platform modules already initialized, skipping
Refreshing native plugins compatible for Editor in 0.33 ms, found 1 plugins.
Preloading 1 native plugins for Editor in 0.04 ms.
Unloading 1112 Unused Serialized files (Serialized files now loaded: 0)
System memory in use before: 61.3 MB.
System memory in use after: 61.4 MB.

Unloading 6 unused Assets to reduce memory usage. Loaded Objects now: 1629.
Total: 2.137200 ms (FindLiveObjects: 0.162900 ms CreateObjectMapping: 0.040500 ms MarkObjects: 1.843400 ms  DeleteObjects: 0.089100 ms)

========================================================================
Received Prepare
Registering precompiled user dll's ...
Registered in 0.000964 seconds.
Begin MonoManager ReloadAssembly
Native extension for WindowsStandalone target not found
Refreshing native plugins compatible for Editor in 0.30 ms, found 1 plugins.
Preloading 1 native plugins for Editor in 0.04 ms.
Invoked RoslynAnalysisRunner static constructor.
RoslynAnalysisRunner will not be running.
RoslynAnalysisRunner has terminated.
Mono: successfully reloaded assembly
- Completed reload, in  0.818 seconds
Platform modules already initialized, skipping
Refreshing native plugins compatible for Editor in 0.23 ms, found 1 plugins.
Preloading 1 native plugins for Editor in 0.03 ms.
Unloading 1112 Unused Serialized files (Serialized files now loaded: 0)
System memory in use before: 61.3 MB.
System memory in use after: 61.4 MB.

Unloading 6 unused Assets to reduce memory usage. Loaded Objects now: 1631.
Total: 2.289900 ms (FindLiveObjects: 0.523500 ms CreateObjectMapping: 0.097300 ms MarkObjects: 1.542700 ms  DeleteObjects: 0.123300 ms)

========================================================================
Received Prepare
Registering precompiled user dll's ...
Registered in 0.000676 seconds.
Begin MonoManager ReloadAssembly
Native extension for WindowsStandalone target not found
Refreshing native plugins compatible for Editor in 0.26 ms, found 1 plugins.
Preloading 1 native plugins for Editor in 0.03 ms.
Invoked RoslynAnalysisRunner static constructor.
RoslynAnalysisRunner will not be running.
RoslynAnalysisRunner has terminated.
Mono: successfully reloaded assembly
- Completed reload, in  0.825 seconds
Platform modules already initialized, skipping
Refreshing native plugins compatible for Editor in 0.22 ms, found 1 plugins.
Preloading 1 native plugins for Editor in 0.03 ms.
Unloading 1112 Unused Serialized files (Serialized files now loaded: 0)
System memory in use before: 61.3 MB.
System memory in use after: 61.4 MB.

Unloading 6 unused Assets to reduce memory usage. Loaded Objects now: 1633.
Total: 2.333600 ms (FindLiveObjects: 0.250100 ms CreateObjectMapping: 0.057600 ms MarkObjects: 1.923000 ms  DeleteObjects: 0.101800 ms)

========================================================================
Received Prepare
Registering precompiled user dll's ...
Registered in 0.000937 seconds.
Begin MonoManager ReloadAssembly
Native extension for WindowsStandalone target not found
Refreshing native plugins compatible for Editor in 0.20 ms, found 1 plugins.
Preloading 1 native plugins for Editor in 0.03 ms.
Invoked RoslynAnalysisRunner static constructor.
RoslynAnalysisRunner will not be running.
RoslynAnalysisRunner has terminated.
Mono: successfully reloaded assembly
- Completed reload, in  0.824 seconds
Platform modules already initialized, skipping
Refreshing native plugins compatible for Editor in 0.21 ms, found 1 plugins.
Preloading 1 native plugins for Editor in 0.03 ms.
Unloading 1112 Unused Serialized files (Serialized files now loaded: 0)
System memory in use before: 61.3 MB.
System memory in use after: 61.4 MB.

Unloading 6 unused Assets to reduce memory usage. Loaded Objects now: 1635.
Total: 2.398100 ms (FindLiveObjects: 0.128800 ms CreateObjectMapping: 0.030400 ms MarkObjects: 2.134400 ms  DeleteObjects: 0.103700 ms)

========================================================================
Received Prepare
Registering precompiled user dll's ...
Registered in 0.000673 seconds.
Begin MonoManager ReloadAssembly
Native extension for WindowsStandalone target not found
Refreshing native plugins compatible for Editor in 0.39 ms, found 1 plugins.
Preloading 1 native plugins for Editor in 0.05 ms.
Invoked RoslynAnalysisRunner static constructor.
RoslynAnalysisRunner will not be running.
RoslynAnalysisRunner has terminated.
Mono: successfully reloaded assembly
- Completed reload, in  0.844 seconds
Platform modules already initialized, skipping
Refreshing native plugins compatible for Editor in 0.24 ms, found 1 plugins.
Preloading 1 native plugins for Editor in 0.03 ms.
Unloading 1112 Unused Serialized files (Serialized files now loaded: 0)
System memory in use before: 61.4 MB.
System memory in use after: 61.4 MB.

Unloading 6 unused Assets to reduce memory usage. Loaded Objects now: 1637.
Total: 2.008500 ms (FindLiveObjects: 0.146800 ms CreateObjectMapping: 0.041300 ms MarkObjects: 1.736900 ms  DeleteObjects: 0.082200 ms)

========================================================================
Received Prepare
Registering precompiled user dll's ...
Registered in 0.000610 seconds.
Begin MonoManager ReloadAssembly
Native extension for WindowsStandalone target not found
Refreshing native plugins compatible for Editor in 0.34 ms, found 1 plugins.
Preloading 1 native plugins for Editor in 0.07 ms.
Invoked RoslynAnalysisRunner static constructor.
RoslynAnalysisRunner will not be running.
RoslynAnalysisRunner has terminated.
Mono: successfully reloaded assembly
- Completed reload, in  0.849 seconds
Platform modules already initialized, skipping
Refreshing native plugins compatible for Editor in 0.22 ms, found 1 plugins.
Preloading 1 native plugins for Editor in 0.03 ms.
Unloading 1112 Unused Serialized files (Serialized files now loaded: 0)
System memory in use before: 61.4 MB.
System memory in use after: 61.5 MB.

Unloading 6 unused Assets to reduce memory usage. Loaded Objects now: 1639.
Total: 2.133500 ms (FindLiveObjects: 0.194200 ms CreateObjectMapping: 0.058400 ms MarkObjects: 1.767200 ms  DeleteObjects: 0.112400 ms)

========================================================================
Received Prepare
Registering precompiled user dll's ...
Registered in 0.000634 seconds.
Begin MonoManager ReloadAssembly
Native extension for WindowsStandalone target not found
Refreshing native plugins compatible for Editor in 0.20 ms, found 1 plugins.
Preloading 1 native plugins for Editor in 0.04 ms.
Invoked RoslynAnalysisRunner static constructor.
RoslynAnalysisRunner will not be running.
RoslynAnalysisRunner has terminated.
Mono: successfully reloaded assembly
- Completed reload, in  0.805 seconds
Platform modules already initialized, skipping
Refreshing native plugins compatible for Editor in 0.20 ms, found 1 plugins.
Preloading 1 native plugins for Editor in 0.03 ms.
Unloading 1112 Unused Serialized files (Serialized files now loaded: 0)
System memory in use before: 61.4 MB.
System memory in use after: 61.5 MB.

Unloading 6 unused Assets to reduce memory usage. Loaded Objects now: 1641.
Total: 2.068000 ms (FindLiveObjects: 0.122400 ms CreateObjectMapping: 0.031100 ms MarkObjects: 1.802400 ms  DeleteObjects: 0.111000 ms)

========================================================================
Received Prepare
Registering precompiled user dll's ...
Registered in 0.000584 seconds.
Begin MonoManager ReloadAssembly
Native extension for WindowsStandalone target not found
Refreshing native plugins compatible for Editor in 0.47 ms, found 1 plugins.
Preloading 1 native plugins for Editor in 0.05 ms.
Invoked RoslynAnalysisRunner static constructor.
RoslynAnalysisRunner will not be running.
RoslynAnalysisRunner has terminated.
Mono: successfully reloaded assembly
- Completed reload, in  0.865 seconds
Platform modules already initialized, skipping
Refreshing native plugins compatible for Editor in 0.26 ms, found 1 plugins.
Preloading 1 native plugins for Editor in 0.03 ms.
Unloading 1112 Unused Serialized files (Serialized files now loaded: 0)
System memory in use before: 61.4 MB.
System memory in use after: 61.5 MB.

Unloading 6 unused Assets to reduce memory usage. Loaded Objects now: 1643.
Total: 1.992700 ms (FindLiveObjects: 0.150200 ms CreateObjectMapping: 0.030500 ms MarkObjects: 1.731200 ms  DeleteObjects: 0.079400 ms)

========================================================================
Received Prepare
Registering precompiled user dll's ...
Registered in 0.000793 seconds.
Begin MonoManager ReloadAssembly
Native extension for WindowsStandalone target not found
Refreshing native plugins compatible for Editor in 0.20 ms, found 1 plugins.
Preloading 1 native plugins for Editor in 0.04 ms.
Invoked RoslynAnalysisRunner static constructor.
RoslynAnalysisRunner will not be running.
RoslynAnalysisRunner has terminated.
Mono: successfully reloaded assembly
- Completed reload, in  0.810 seconds
Platform modules already initialized, skipping
Refreshing native plugins compatible for Editor in 0.23 ms, found 1 plugins.
Preloading 1 native plugins for Editor in 0.03 ms.
Unloading 1112 Unused Serialized files (Serialized files now loaded: 0)
System memory in use before: 61.4 MB.
System memory in use after: 61.5 MB.

Unloading 6 unused Assets to reduce memory usage. Loaded Objects now: 1645.
Total: 1.639400 ms (FindLiveObjects: 0.147300 ms CreateObjectMapping: 0.036700 ms MarkObjects: 1.345100 ms  DeleteObjects: 0.109500 ms)

========================================================================
Received Prepare
Registering precompiled user dll's ...
Registered in 0.001478 seconds.
Begin MonoManager ReloadAssembly
Native extension for WindowsStandalone target not found
Refreshing native plugins compatible for Editor in 0.25 ms, found 1 plugins.
Preloading 1 native plugins for Editor in 0.07 ms.
Invoked RoslynAnalysisRunner static constructor.
RoslynAnalysisRunner will not be running.
RoslynAnalysisRunner has terminated.
Mono: successfully reloaded assembly
- Completed reload, in  0.901 seconds
Platform modules already initialized, skipping
Refreshing native plugins compatible for Editor in 0.23 ms, found 1 plugins.
Preloading 1 native plugins for Editor in 0.03 ms.
Unloading 1112 Unused Serialized files (Serialized files now loaded: 0)
System memory in use before: 61.4 MB.
System memory in use after: 61.5 MB.

Unloading 6 unused Assets to reduce memory usage. Loaded Objects now: 1647.
Total: 2.166700 ms (FindLiveObjects: 0.133400 ms CreateObjectMapping: 0.033400 ms MarkObjects: 1.918100 ms  DeleteObjects: 0.080600 ms)

========================================================================
Received Prepare
Registering precompiled user dll's ...
Registered in 0.000607 seconds.
Begin MonoManager ReloadAssembly
Native extension for WindowsStandalone target not found
Refreshing native plugins compatible for Editor in 0.20 ms, found 1 plugins.
Preloading 1 native plugins for Editor in 0.07 ms.
Invoked RoslynAnalysisRunner static constructor.
RoslynAnalysisRunner will not be running.
RoslynAnalysisRunner has terminated.
Mono: successfully reloaded assembly
- Completed reload, in  0.841 seconds
Platform modules already initialized, skipping
Refreshing native plugins compatible for Editor in 0.41 ms, found 1 plugins.
Preloading 1 native plugins for Editor in 0.03 ms.
Unloading 1112 Unused Serialized files (Serialized files now loaded: 0)
System memory in use before: 61.4 MB.
System memory in use after: 61.5 MB.

Unloading 6 unused Assets to reduce memory usage. Loaded Objects now: 1649.
Total: 1.757400 ms (FindLiveObjects: 0.238900 ms CreateObjectMapping: 0.059000 ms MarkObjects: 1.360100 ms  DeleteObjects: 0.098400 ms)

========================================================================
Received Prepare
Registering precompiled user dll's ...
Registered in 0.024400 seconds.
Begin MonoManager ReloadAssembly
Native extension for WindowsStandalone target not found
Refreshing native plugins compatible for Editor in 0.22 ms, found 1 plugins.
Preloading 1 native plugins for Editor in 0.04 ms.
[ScriptCompilation] NOT recompiling all scripts because this is an import worker process. Reason to compile was: Define symbols changed
Invoked RoslynAnalysisRunner static constructor.
RoslynAnalysisRunner will not be running.
RoslynAnalysisRunner has terminated.
Mono: successfully reloaded assembly
- Completed reload, in  0.825 seconds
Platform modules already initialized, skipping
Refreshing native plugins compatible for Editor in 0.28 ms, found 1 plugins.
Preloading 1 native plugins for Editor in 0.03 ms.
Unloading 1232 Unused Serialized files (Serialized files now loaded: 0)
System memory in use before: 68.3 MB.
System memory in use after: 66.6 MB.

Unloading 33 unused Assets to reduce memory usage. Loaded Objects now: 1744.
Total: 2.334600 ms (FindLiveObjects: 0.194400 ms CreateObjectMapping: 0.073000 ms MarkObjects: 1.357500 ms  DeleteObjects: 0.708400 ms)

========================================================================
Received Prepare
Registering precompiled user dll's ...
Registered in 0.000588 seconds.
Begin MonoManager ReloadAssembly
Native extension for WindowsStandalone target not found
Refreshing native plugins compatible for Editor in 0.42 ms, found 1 plugins.
Preloading 1 native plugins for Editor in 0.03 ms.
Invoked RoslynAnalysisRunner static constructor.
RoslynAnalysisRunner will not be running.
RoslynAnalysisRunner has terminated.
Mono: successfully reloaded assembly
- Completed reload, in  0.791 seconds
Platform modules already initialized, skipping
Refreshing native plugins compatible for Editor in 0.22 ms, found 1 plugins.
Preloading 1 native plugins for Editor in 0.03 ms.
Unloading 1232 Unused Serialized files (Serialized files now loaded: 0)
System memory in use before: 68.3 MB.
System memory in use after: 66.6 MB.

Unloading 33 unused Assets to reduce memory usage. Loaded Objects now: 1746.
Total: 2.652800 ms (FindLiveObjects: 0.317900 ms CreateObjectMapping: 0.058800 ms MarkObjects: 1.613400 ms  DeleteObjects: 0.661800 ms)

========================================================================
Received Prepare
Registering precompiled user dll's ...
Registered in 0.000597 seconds.
Begin MonoManager ReloadAssembly
Native extension for WindowsStandalone target not found
Refreshing native plugins compatible for Editor in 0.23 ms, found 1 plugins.
Preloading 1 native plugins for Editor in 0.04 ms.
Invoked RoslynAnalysisRunner static constructor.
RoslynAnalysisRunner will not be running.
RoslynAnalysisRunner has terminated.
Mono: successfully reloaded assembly
- Completed reload, in  0.897 seconds
Platform modules already initialized, skipping
Refreshing native plugins compatible for Editor in 0.24 ms, found 1 plugins.
Preloading 1 native plugins for Editor in 0.03 ms.
Unloading 1232 Unused Serialized files (Serialized files now loaded: 0)
System memory in use before: 68.3 MB.
System memory in use after: 66.6 MB.

Unloading 33 unused Assets to reduce memory usage. Loaded Objects now: 1748.
Total: 2.799900 ms (FindLiveObjects: 0.163900 ms CreateObjectMapping: 0.042600 ms MarkObjects: 1.733200 ms  DeleteObjects: 0.858700 ms)

========================================================================
Received Import Request.
  Time since last request: 1783.446594 seconds.
  path: Assets/Scenes/Profile.asset
  artifactKey: Guid(a1221b05afc997043a595f9213e5109a) Importer(815301076,1909f56bfc062723c751e8b465ee728b)
Start importing Assets/Scenes/Profile.asset using Guid(a1221b05afc997043a595f9213e5109a) Importer(815301076,1909f56bfc062723c751e8b465ee728b)  -> (artifact id: '476204cabcd23b41f3f8dbf147db57c9') in 0.025195 seconds
  Import took 0.028685 seconds .

========================================================================
Received Import Request.
  Time since last request: 4.730905 seconds.
  path: Assets/Scenes/Profile.asset
  artifactKey: Guid(a1221b05afc997043a595f9213e5109a) Importer(815301076,1909f56bfc062723c751e8b465ee728b)
Start importing Assets/Scenes/Profile.asset using Guid(a1221b05afc997043a595f9213e5109a) Importer(815301076,1909f56bfc062723c751e8b465ee728b)  -> (artifact id: '53f963351b6172524fb5fe2cd33c53f1') in 0.027085 seconds
  Import took 0.029927 seconds .

========================================================================
Received Import Request.
  Time since last request: 63.973353 seconds.
  path: ProjectSettings/TagManager.asset
  artifactKey: Guid(00000000000000003000000000000000) Importer(815301076,1909f56bfc062723c751e8b465ee728b)
Start importing ProjectSettings/TagManager.asset using Guid(00000000000000003000000000000000) Importer(815301076,1909f56bfc062723c751e8b465ee728b)  -> (artifact id: 'd40dd530380f9faf9e60529a0c31a689') in 0.007905 seconds
  Import took 0.010844 seconds .

========================================================================
Received Import Request.
  Time since last request: 0.001560 seconds.
  path: ProjectSettings/TagManager.asset
  artifactKey: Guid(00000000000000003000000000000000) Importer(815301076,1909f56bfc062723c751e8b465ee728b)
Start importing ProjectSettings/TagManager.asset using Guid(00000000000000003000000000000000) Importer(815301076,1909f56bfc062723c751e8b465ee728b)  -> (artifact id: 'd40dd530380f9faf9e60529a0c31a689') in 0.003233 seconds
  Import took 0.005970 seconds .

========================================================================
Received Import Request.
  Time since last request: 383.828311 seconds.
  path: Assets/Scenes/Profile.asset
  artifactKey: Guid(a1221b05afc997043a595f9213e5109a) Importer(815301076,1909f56bfc062723c751e8b465ee728b)
Start importing Assets/Scenes/Profile.asset using Guid(a1221b05afc997043a595f9213e5109a) Importer(815301076,1909f56bfc062723c751e8b465ee728b)  -> (artifact id: '88a64b3b8e9e8f88999242821c405b3e') in 0.007757 seconds
  Import took 0.011101 seconds .

========================================================================
Received Import Request.
  Time since last request: 57.997110 seconds.
  path: Assets/Scenes/Profile.asset
  artifactKey: Guid(a1221b05afc997043a595f9213e5109a) Importer(815301076,1909f56bfc062723c751e8b465ee728b)
Start importing Assets/Scenes/Profile.asset using Guid(a1221b05afc997043a595f9213e5109a) Importer(815301076,1909f56bfc062723c751e8b465ee728b)  -> (artifact id: '70c4ac6748c6df30ef174a8378a98b2d') in 0.006920 seconds
  Import took 0.011078 seconds .

========================================================================
Received Import Request.
  Time since last request: 285.691053 seconds.
  path: Assets/Scenes/Profile.asset
  artifactKey: Guid(a1221b05afc997043a595f9213e5109a) Importer(815301076,1909f56bfc062723c751e8b465ee728b)
Start importing Assets/Scenes/Profile.asset using Guid(a1221b05afc997043a595f9213e5109a) Importer(815301076,1909f56bfc062723c751e8b465ee728b)  -> (artifact id: '06fc7d3a78ecb12112b0903bde35d857') in 0.005555 seconds
  Import took 0.008634 seconds .

========================================================================
Received Prepare
Registering precompiled user dll's ...
Registered in 0.001098 seconds.
Begin MonoManager ReloadAssembly
Native extension for WindowsStandalone target not found
Refreshing native plugins compatible for Editor in 0.24 ms, found 1 plugins.
Preloading 1 native plugins for Editor in 0.04 ms.
Invoked RoslynAnalysisRunner static constructor.
RoslynAnalysisRunner will not be running.
RoslynAnalysisRunner has terminated.
Mono: successfully reloaded assembly
- Completed reload, in  0.889 seconds
Platform modules already initialized, skipping
Refreshing native plugins compatible for Editor in 0.31 ms, found 1 plugins.
Preloading 1 native plugins for Editor in 0.03 ms.
Unloading 1232 Unused Serialized files (Serialized files now loaded: 0)
System memory in use before: 68.3 MB.
System memory in use after: 66.6 MB.

Unloading 35 unused Assets to reduce memory usage. Loaded Objects now: 1750.
Total: 2.379900 ms (FindLiveObjects: 0.145700 ms CreateObjectMapping: 0.064300 ms MarkObjects: 1.432800 ms  DeleteObjects: 0.735700 ms)

========================================================================
Received Prepare
Registering precompiled user dll's ...
Registered in 0.046947 seconds.
Begin MonoManager ReloadAssembly
Native extension for WindowsStandalone target not found
Refreshing native plugins compatible for Editor in 0.23 ms, found 1 plugins.
Preloading 1 native plugins for Editor in 0.04 ms.
Invoked RoslynAnalysisRunner static constructor.
RoslynAnalysisRunner will not be running.
RoslynAnalysisRunner has terminated.
Mono: successfully reloaded assembly
- Completed reload, in  0.913 seconds
Platform modules already initialized, skipping
Refreshing native plugins compatible for Editor in 0.28 ms, found 1 plugins.
Preloading 1 native plugins for Editor in 0.05 ms.
Unloading 1232 Unused Serialized files (Serialized files now loaded: 0)
System memory in use before: 68.3 MB.
System memory in use after: 66.6 MB.

Unloading 33 unused Assets to reduce memory usage. Loaded Objects now: 1752.
Total: 2.411200 ms (FindLiveObjects: 0.181200 ms CreateObjectMapping: 0.061700 ms MarkObjects: 1.488000 ms  DeleteObjects: 0.678800 ms)

========================================================================
Received Prepare
Registering precompiled user dll's ...
Registered in 0.042205 seconds.
Begin MonoManager ReloadAssembly
Native extension for WindowsStandalone target not found
Refreshing native plugins compatible for Editor in 0.23 ms, found 1 plugins.
Preloading 1 native plugins for Editor in 0.04 ms.
Invoked RoslynAnalysisRunner static constructor.
RoslynAnalysisRunner will not be running.
RoslynAnalysisRunner has terminated.
Mono: successfully reloaded assembly
- Completed reload, in  0.931 seconds
Platform modules already initialized, skipping
Refreshing native plugins compatible for Editor in 0.25 ms, found 1 plugins.
Preloading 1 native plugins for Editor in 0.03 ms.
Unloading 1232 Unused Serialized files (Serialized files now loaded: 0)
System memory in use before: 68.3 MB.
System memory in use after: 66.6 MB.

Unloading 33 unused Assets to reduce memory usage. Loaded Objects now: 1754.
Total: 2.385300 ms (FindLiveObjects: 0.223700 ms CreateObjectMapping: 0.084400 ms MarkObjects: 1.433600 ms  DeleteObjects: 0.642200 ms)

========================================================================
Received Prepare
Registering precompiled user dll's ...
Registered in 0.000843 seconds.
Begin MonoManager ReloadAssembly
Native extension for WindowsStandalone target not found
Refreshing native plugins compatible for Editor in 0.22 ms, found 1 plugins.
Preloading 1 native plugins for Editor in 0.03 ms.
Invoked RoslynAnalysisRunner static constructor.
RoslynAnalysisRunner will not be running.
RoslynAnalysisRunner has terminated.
Mono: successfully reloaded assembly
- Completed reload, in  0.842 seconds
Platform modules already initialized, skipping
Refreshing native plugins compatible for Editor in 0.24 ms, found 1 plugins.
Preloading 1 native plugins for Editor in 0.03 ms.
Unloading 1232 Unused Serialized files (Serialized files now loaded: 0)
System memory in use before: 68.3 MB.
System memory in use after: 66.6 MB.

Unloading 33 unused Assets to reduce memory usage. Loaded Objects now: 1756.
Total: 3.068600 ms (FindLiveObjects: 0.497500 ms CreateObjectMapping: 0.131900 ms MarkObjects: 1.747000 ms  DeleteObjects: 0.690700 ms)

AssetImportWorkerClient::OnTransportError - code=2 error=End of file
